<?xml version="1.0" encoding="UTF-8"?>
<!-- Generated by org.testng.reporters.JUnitReportReporter -->
<testsuite hostname="BEAST-OF-ARITRA14" failures="0" tests="4" name="tests.CartTest" time="21.270" errors="0" timestamp="2025-09-05T10:10:51 IST" skipped="0">
  <testcase classname="tests.CartTest" name="addToCart" time="3.174"/>
  <testcase classname="tests.CartTest" name="modifyQuantityAndVerify" time="4.222"/>
  <testcase classname="tests.CartTest" name="removeItemAndConfirm" time="10.060"/>
  <testcase classname="tests.CartTest" name="proceedToBuyAndCheckAddressPaymentPage" time="3.814"/>
</testsuite> <!-- tests.CartTest -->
