<?xml version="1.0" encoding="UTF-8"?>
<!-- Generated by org.testng.reporters.JUnitReportReporter -->
<testsuite hostname="BEAST-OF-ARITRA14" failures="0" tests="6" name="tests.LoginTest" time="16.222" errors="0" timestamp="2025-09-10T16:59:10 IST" skipped="0">
  <testcase classname="tests.LoginTest" name="verifyLoginUIElements" time="0.993"/>
  <testcase classname="tests.LoginTest" name="verifyLoginUIElements" time="1.224"/>
  <testcase classname="tests.LoginTest" name="loginWithValidPhoneAndPassword" time="4.091"/>
  <testcase classname="tests.LoginTest" name="loginWithValidPhoneAndPassword" time="3.039"/>
  <testcase classname="tests.LoginTest" name="loginWithValidPhoneAndPassword" time="3.014"/>
  <testcase classname="tests.LoginTest" name="loginWithValidPhoneAndPassword" time="3.861"/>
</testsuite> <!-- tests.LoginTest -->
