<?xml version="1.0" encoding="UTF-8"?>
<!-- Generated by org.testng.reporters.JUnitReportReporter -->
<testsuite hostname="BEAST-OF-ARITRA14" failures="0" tests="4" name="tests.CartTest" time="3.285" errors="0" timestamp="2025-09-11T18:29:50 IST" skipped="0">
  <testcase classname="tests.CartTest" name="addToCart" time="0.178"/>
  <testcase classname="tests.CartTest" name="modifyQuantityAndVerify" time="0.549"/>
  <testcase classname="tests.CartTest" name="proceedToBuyAndCheckAddressPaymentPage" time="2.112"/>
  <testcase classname="tests.CartTest" name="removeItemAndConfirm" time="0.446"/>
</testsuite> <!-- tests.CartTest -->
