<?xml version="1.0" encoding="UTF-8"?>
<!-- Generated by org.testng.reporters.JUnitReportReporter -->
<testsuite hostname="BEAST-OF-ARITRA14" failures="0" tests="4" name="tests.CartTest" time="12.238" errors="0" timestamp="2025-09-07T10:59:01 IST" skipped="0">
  <testcase classname="tests.CartTest" name="addToCart" time="3.169"/>
  <testcase classname="tests.CartTest" name="modifyQuantityAndVerify" time="4.138"/>
  <testcase classname="tests.CartTest" name="proceedToBuyAndCheckAddressPaymentPage" time="4.451"/>
  <testcase classname="tests.CartTest" name="removeItemAndConfirm" time="0.480"/>
</testsuite> <!-- tests.CartTest -->
