<?xml version="1.0" encoding="UTF-8"?>
<!-- Generated by org.testng.reporters.JUnitReportReporter -->
<testsuite hostname="BEAST-OF-ARITRA14" failures="0" tests="3" name="tests.LoginTest" time="8.951" errors="0" timestamp="2025-09-10T15:56:38 IST" skipped="0">
  <testcase classname="tests.LoginTest" name="verifyLoginUIElements" time="1.593"/>
  <testcase classname="tests.LoginTest" name="loginWithValidPhoneAndPassword" time="4.693"/>
  <testcase classname="tests.LoginTest" name="loginWithValidPhoneAndPassword" time="2.665"/>
</testsuite> <!-- tests.LoginTest -->
