<?xml version="1.0" encoding="UTF-8"?>
<!-- Generated by org.testng.reporters.JUnitReportReporter -->
<testsuite hostname="BEAST-OF-ARITRA14" failures="0" tests="7" name="tests.ProductTest" time="13.770" errors="0" timestamp="2025-09-11T09:34:50 IST" skipped="0">
  <testcase classname="tests.ProductTest" name="searchElectronicItem" time="2.021"/>
  <testcase classname="tests.ProductTest" name="searchElectronicItem" time="0.248"/>
  <testcase classname="tests.ProductTest" name="sortResults" time="0.310"/>
  <testcase classname="tests.ProductTest" name="sortResults" time="0.277"/>
  <testcase classname="tests.ProductTest" name="sortResults" time="0.227"/>
  <testcase classname="tests.ProductTest" name="applyFilters" time="9.262"/>
  <testcase classname="tests.ProductTest" name="selectProduct" time="1.425"/>
</testsuite> <!-- tests.ProductTest -->
