<?xml version="1.0" encoding="UTF-8"?>
<!-- Generated by org.testng.reporters.JUnitReportReporter -->
<testsuite hostname="BEAST-OF-ARITRA14" failures="0" tests="8" name="tests.CartTest" time="27.129" errors="0" timestamp="2025-09-10T20:49:03 IST" skipped="0">
  <testcase classname="tests.CartTest" name="addToCart" time="3.106"/>
  <testcase classname="tests.CartTest" name="addToCart" time="3.144"/>
  <testcase classname="tests.CartTest" name="modifyQuantityAndVerify" time="4.130"/>
  <testcase classname="tests.CartTest" name="modifyQuantityAndVerify" time="4.220"/>
  <testcase classname="tests.CartTest" name="proceedToBuyAndCheckAddressPaymentPage" time="5.048"/>
  <testcase classname="tests.CartTest" name="proceedToBuyAndCheckAddressPaymentPage" time="6.258"/>
  <testcase classname="tests.CartTest" name="removeItemAndConfirm" time="0.442"/>
  <testcase classname="tests.CartTest" name="removeItemAndConfirm" time="0.781"/>
</testsuite> <!-- tests.CartTest -->
