<?xml version="1.0" encoding="UTF-8"?>
<!-- Generated by org.testng.reporters.JUnitReportReporter -->
<testsuite hostname="BEAST-OF-ARITRA14" failures="0" tests="7" name="tests.ProductTest" time="14.824" errors="0" timestamp="2025-09-10T13:01:48 IST" skipped="0">
  <testcase classname="tests.ProductTest" name="searchElectronicItem" time="2.394"/>
  <testcase classname="tests.ProductTest" name="searchElectronicItem" time="0.259"/>
  <testcase classname="tests.ProductTest" name="sortResults" time="0.167"/>
  <testcase classname="tests.ProductTest" name="sortResults" time="0.374"/>
  <testcase classname="tests.ProductTest" name="sortResults" time="0.503"/>
  <testcase classname="tests.ProductTest" name="applyFilters" time="9.659"/>
  <testcase classname="tests.ProductTest" name="selectProduct" time="1.468"/>
</testsuite> <!-- tests.ProductTest -->
