<?xml version="1.0" encoding="UTF-8"?>
<!-- Generated by org.testng.reporters.JUnitReportReporter -->
<testsuite hostname="BEAST-OF-ARITRA14" failures="0" tests="7" name="tests.ProductTest" time="14.269" errors="0" timestamp="2025-09-11T18:29:50 IST" skipped="0">
  <testcase classname="tests.ProductTest" name="searchElectronicItem" time="0.268"/>
  <testcase classname="tests.ProductTest" name="searchElectronicItem" time="1.978"/>
  <testcase classname="tests.ProductTest" name="sortResults" time="0.344"/>
  <testcase classname="tests.ProductTest" name="sortResults" time="0.416"/>
  <testcase classname="tests.ProductTest" name="sortResults" time="0.140"/>
  <testcase classname="tests.ProductTest" name="applyFilters" time="9.511"/>
  <testcase classname="tests.ProductTest" name="selectProduct" time="1.612"/>
</testsuite> <!-- tests.ProductTest -->
