<?xml version="1.0" encoding="UTF-8"?>
<!-- Generated by org.testng.reporters.JUnitReportReporter -->
<testsuite hostname="BEAST-OF-ARITRA14" failures="0" tests="7" name="tests.ProductTest" time="15.411" errors="0" timestamp="2025-09-10T15:56:38 IST" skipped="0">
  <testcase classname="tests.ProductTest" name="searchElectronicItem" time="1.822"/>
  <testcase classname="tests.ProductTest" name="searchElectronicItem" time="0.261"/>
  <testcase classname="tests.ProductTest" name="sortResults" time="0.139"/>
  <testcase classname="tests.ProductTest" name="sortResults" time="0.619"/>
  <testcase classname="tests.ProductTest" name="sortResults" time="0.607"/>
  <testcase classname="tests.ProductTest" name="applyFilters" time="10.013"/>
  <testcase classname="tests.ProductTest" name="selectProduct" time="1.950"/>
</testsuite> <!-- tests.ProductTest -->
