<?xml version="1.0" encoding="UTF-8"?>
<!-- Generated by org.testng.reporters.JUnitReportReporter -->
<testsuite hostname="BEAST-OF-ARITRA14" failures="0" tests="14" name="tests.ProductTest" time="29.335" errors="0" timestamp="2025-09-10T16:59:10 IST" skipped="0">
  <testcase classname="tests.ProductTest" name="searchElectronicItem" time="1.838"/>
  <testcase classname="tests.ProductTest" name="searchElectronicItem" time="0.283"/>
  <testcase classname="tests.ProductTest" name="searchElectronicItem" time="0.168"/>
  <testcase classname="tests.ProductTest" name="searchElectronicItem" time="3.757"/>
  <testcase classname="tests.ProductTest" name="sortResults" time="0.372"/>
  <testcase classname="tests.ProductTest" name="sortResults" time="0.097"/>
  <testcase classname="tests.ProductTest" name="sortResults" time="0.431"/>
  <testcase classname="tests.ProductTest" name="sortResults" time="0.352"/>
  <testcase classname="tests.ProductTest" name="sortResults" time="0.110"/>
  <testcase classname="tests.ProductTest" name="sortResults" time="0.362"/>
  <testcase classname="tests.ProductTest" name="applyFilters" time="9.196"/>
  <testcase classname="tests.ProductTest" name="applyFilters" time="9.152"/>
  <testcase classname="tests.ProductTest" name="selectProduct" time="1.554"/>
  <testcase classname="tests.ProductTest" name="selectProduct" time="1.663"/>
</testsuite> <!-- tests.ProductTest -->
