<?xml version="1.0" encoding="UTF-8"?>
<!-- Generated by org.testng.reporters.JUnitReportReporter -->
<testsuite hostname="BEAST-OF-ARITRA14" failures="0" tests="4" name="tests.CartTest" time="13.726" errors="0" timestamp="2025-09-10T15:56:38 IST" skipped="0">
  <testcase classname="tests.CartTest" name="addToCart" time="3.250"/>
  <testcase classname="tests.CartTest" name="modifyQuantityAndVerify" time="4.239"/>
  <testcase classname="tests.CartTest" name="proceedToBuyAndCheckAddressPaymentPage" time="5.680"/>
  <testcase classname="tests.CartTest" name="removeItemAndConfirm" time="0.557"/>
</testsuite> <!-- tests.CartTest -->
