<?xml version="1.0" encoding="UTF-8"?>
<!-- Generated by org.testng.reporters.JUnitReportReporter -->
<testsuite hostname="BEAST-OF-ARITRA14" failures="0" tests="3" name="tests.LoginTest" time="8.257" errors="0" timestamp="2025-09-10T13:01:48 IST" skipped="0">
  <testcase classname="tests.LoginTest" name="verifyLoginUIElements" time="0.897"/>
  <testcase classname="tests.LoginTest" name="loginWithValidPhoneAndPassword" time="3.131"/>
  <testcase classname="tests.LoginTest" name="loginWithValidPhoneAndPassword" time="4.229"/>
</testsuite> <!-- tests.LoginTest -->
