<?xml version="1.0" encoding="UTF-8"?>
<!-- Generated by org.testng.reporters.JUnitReportReporter -->
<testsuite hostname="BEAST-OF-ARITRA14" failures="0" tests="4" name="tests.CartTest" time="12.371" errors="0" timestamp="2025-09-10T13:01:48 IST" skipped="0">
  <testcase classname="tests.CartTest" name="addToCart" time="3.209"/>
  <testcase classname="tests.CartTest" name="modifyQuantityAndVerify" time="4.200"/>
  <testcase classname="tests.CartTest" name="proceedToBuyAndCheckAddressPaymentPage" time="4.385"/>
  <testcase classname="tests.CartTest" name="removeItemAndConfirm" time="0.577"/>
</testsuite> <!-- tests.CartTest -->
