<?xml version="1.0" encoding="UTF-8"?>
<!-- Generated by org.testng.reporters.JUnitReportReporter -->
<testsuite hostname="BEAST-OF-ARITRA14" failures="0" tests="3" name="tests.LoginTest" time="9.982" errors="0" timestamp="2025-09-10T12:31:03 IST" skipped="0">
  <testcase classname="tests.LoginTest" name="verifyLoginUIElements" time="2.380"/>
  <testcase classname="tests.LoginTest" name="loginWithValidPhoneAndPassword" time="3.209"/>
  <testcase classname="tests.LoginTest" name="loginWithValidPhoneAndPassword" time="4.393"/>
</testsuite> <!-- tests.LoginTest -->
