<?xml version="1.0" encoding="UTF-8"?>
<!-- Generated by org.testng.reporters.JUnitReportReporter -->
<testsuite hostname="BEAST-OF-ARITRA14" failures="0" tests="3" name="tests.LoginTest" time="9.018" errors="0" timestamp="2025-09-11T18:29:50 IST" skipped="0">
  <testcase classname="tests.LoginTest" name="verifyLoginUIElements" time="1.815"/>
  <testcase classname="tests.LoginTest" name="loginWithValidPhoneAndPassword" time="3.111"/>
  <testcase classname="tests.LoginTest" name="loginWithValidPhoneAndPassword" time="4.092"/>
</testsuite> <!-- tests.LoginTest -->
