<?xml version="1.0" encoding="UTF-8"?>
<!-- Generated by org.testng.reporters.JUnitReportReporter -->
<testsuite hostname="BEAST-OF-ARITRA14" failures="0" tests="14" name="tests.ProductTest" time="33.641" errors="0" timestamp="2025-09-10T20:49:03 IST" skipped="0">
  <testcase classname="tests.ProductTest" name="searchElectronicItem" time="0.220"/>
  <testcase classname="tests.ProductTest" name="searchElectronicItem" time="0.247"/>
  <testcase classname="tests.ProductTest" name="searchElectronicItem" time="3.149"/>
  <testcase classname="tests.ProductTest" name="searchElectronicItem" time="2.735"/>
  <testcase classname="tests.ProductTest" name="sortResults" time="0.147"/>
  <testcase classname="tests.ProductTest" name="sortResults" time="0.537"/>
  <testcase classname="tests.ProductTest" name="sortResults" time="0.775"/>
  <testcase classname="tests.ProductTest" name="sortResults" time="0.674"/>
  <testcase classname="tests.ProductTest" name="sortResults" time="0.405"/>
  <testcase classname="tests.ProductTest" name="sortResults" time="0.136"/>
  <testcase classname="tests.ProductTest" name="applyFilters" time="9.648"/>
  <testcase classname="tests.ProductTest" name="applyFilters" time="9.542"/>
  <testcase classname="tests.ProductTest" name="selectProduct" time="2.634"/>
  <testcase classname="tests.ProductTest" name="selectProduct" time="2.792"/>
</testsuite> <!-- tests.ProductTest -->
