<?xml version="1.0" encoding="UTF-8"?>
<!-- Generated by org.testng.reporters.JUnitReportReporter -->
<testsuite hostname="BEAST-OF-ARITRA14" failures="0" tests="3" name="tests.LoginTest" time="8.542" errors="0" timestamp="2025-09-07T10:59:01 IST" skipped="0">
  <testcase classname="tests.LoginTest" name="verifyLoginUIElements" time="1.077"/>
  <testcase classname="tests.LoginTest" name="loginWithValidPhoneAndPassword" time="3.087"/>
  <testcase classname="tests.LoginTest" name="loginWithValidPhoneAndPassword" time="4.378"/>
</testsuite> <!-- tests.LoginTest -->
