<?xml version="1.0" encoding="UTF-8"?>
<!-- Generated by org.testng.reporters.JUnitReportReporter -->
<testsuite hostname="BEAST-OF-ARITRA14" failures="0" tests="7" name="tests.ProductTest" time="16.420" errors="0" timestamp="2025-09-10T12:31:03 IST" skipped="0">
  <testcase classname="tests.ProductTest" name="searchElectronicItem" time="0.226"/>
  <testcase classname="tests.ProductTest" name="searchElectronicItem" time="2.556"/>
  <testcase classname="tests.ProductTest" name="sortResults" time="0.155"/>
  <testcase classname="tests.ProductTest" name="sortResults" time="0.805"/>
  <testcase classname="tests.ProductTest" name="sortResults" time="0.558"/>
  <testcase classname="tests.ProductTest" name="applyFilters" time="10.012"/>
  <testcase classname="tests.ProductTest" name="selectProduct" time="2.108"/>
</testsuite> <!-- tests.ProductTest -->
