<?xml version="1.0" encoding="UTF-8"?>
<!-- Generated by org.testng.reporters.JUnitReportReporter -->
<testsuite hostname="BEAST-OF-ARITRA14" failures="0" tests="7" name="tests.ProductTest" time="15.051" errors="0" timestamp="2025-09-08T18:32:31 IST" skipped="0">
  <testcase classname="tests.ProductTest" name="searchElectronicItem" time="2.452"/>
  <testcase classname="tests.ProductTest" name="searchElectronicItem" time="0.283"/>
  <testcase classname="tests.ProductTest" name="sortResults" time="0.192"/>
  <testcase classname="tests.ProductTest" name="sortResults" time="0.449"/>
  <testcase classname="tests.ProductTest" name="sortResults" time="0.481"/>
  <testcase classname="tests.ProductTest" name="applyFilters" time="9.549"/>
  <testcase classname="tests.ProductTest" name="selectProduct" time="1.645"/>
</testsuite> <!-- tests.ProductTest -->
