<?xml version="1.0" encoding="UTF-8"?>
<!-- Generated by org.testng.reporters.JUnitReportReporter -->
<testsuite hostname="BEAST-OF-ARITRA14" failures="0" tests="7" name="tests.ProductTest" time="16.299" errors="0" timestamp="2025-09-05T10:10:51 IST" skipped="0">
  <testcase classname="tests.ProductTest" name="searchElectronicItem" time="0.373"/>
  <testcase classname="tests.ProductTest" name="searchElectronicItem" time="2.827"/>
  <testcase classname="tests.ProductTest" name="sortResults" time="0.414"/>
  <testcase classname="tests.ProductTest" name="sortResults" time="0.559"/>
  <testcase classname="tests.ProductTest" name="sortResults" time="0.175"/>
  <testcase classname="tests.ProductTest" name="applyFilters" time="10.109"/>
  <testcase classname="tests.ProductTest" name="selectProduct" time="1.842"/>
</testsuite> <!-- tests.ProductTest -->
