<?xml version="1.0" encoding="UTF-8"?>
<!-- Generated by org.testng.reporters.JUnitReportReporter -->
<testsuite hostname="BEAST-OF-ARITRA14" failures="0" tests="4" name="tests.CartTest" time="13.229" errors="0" timestamp="2025-09-10T12:31:03 IST" skipped="0">
  <testcase classname="tests.CartTest" name="addToCart" time="3.165"/>
  <testcase classname="tests.CartTest" name="modifyQuantityAndVerify" time="4.286"/>
  <testcase classname="tests.CartTest" name="proceedToBuyAndCheckAddressPaymentPage" time="5.122"/>
  <testcase classname="tests.CartTest" name="removeItemAndConfirm" time="0.656"/>
</testsuite> <!-- tests.CartTest -->
