<?xml version="1.0" encoding="UTF-8"?>
<!-- Generated by org.testng.reporters.JUnitReportReporter -->
<testsuite hostname="BEAST-OF-ARITRA14" failures="0" tests="6" name="tests.LoginTest" time="18.630" errors="0" timestamp="2025-09-10T20:49:03 IST" skipped="0">
  <testcase classname="tests.LoginTest" name="verifyLoginUIElements" time="1.290"/>
  <testcase classname="tests.LoginTest" name="verifyLoginUIElements" time="1.421"/>
  <testcase classname="tests.LoginTest" name="loginWithValidPhoneAndPassword" time="4.516"/>
  <testcase classname="tests.LoginTest" name="loginWithValidPhoneAndPassword" time="3.245"/>
  <testcase classname="tests.LoginTest" name="loginWithValidPhoneAndPassword" time="3.283"/>
  <testcase classname="tests.LoginTest" name="loginWithValidPhoneAndPassword" time="4.875"/>
</testsuite> <!-- tests.LoginTest -->
