<?xml version="1.0" encoding="UTF-8"?>
<!-- Generated by org.testng.reporters.JUnitReportReporter -->
<testsuite hostname="BEAST-OF-ARITRA14" failures="0" tests="8" name="tests.CartTest" time="24.342" errors="0" timestamp="2025-09-10T16:59:10 IST" skipped="0">
  <testcase classname="tests.CartTest" name="addToCart" time="3.082"/>
  <testcase classname="tests.CartTest" name="addToCart" time="3.076"/>
  <testcase classname="tests.CartTest" name="modifyQuantityAndVerify" time="4.091"/>
  <testcase classname="tests.CartTest" name="modifyQuantityAndVerify" time="4.102"/>
  <testcase classname="tests.CartTest" name="proceedToBuyAndCheckAddressPaymentPage" time="4.264"/>
  <testcase classname="tests.CartTest" name="proceedToBuyAndCheckAddressPaymentPage" time="4.446"/>
  <testcase classname="tests.CartTest" name="removeItemAndConfirm" time="0.942"/>
  <testcase classname="tests.CartTest" name="removeItemAndConfirm" time="0.339"/>
</testsuite> <!-- tests.CartTest -->
