<?xml version="1.0" encoding="UTF-8"?>
<!-- Generated by org.testng.reporters.JUnitReportReporter -->
<testsuite hostname="BEAST-OF-ARITRA14" failures="0" tests="4" name="tests.CartTest" time="11.932" errors="0" timestamp="2025-09-11T09:34:50 IST" skipped="0">
  <testcase classname="tests.CartTest" name="addToCart" time="3.081"/>
  <testcase classname="tests.CartTest" name="modifyQuantityAndVerify" time="4.096"/>
  <testcase classname="tests.CartTest" name="proceedToBuyAndCheckAddressPaymentPage" time="4.376"/>
  <testcase classname="tests.CartTest" name="removeItemAndConfirm" time="0.379"/>
</testsuite> <!-- tests.CartTest -->
