<?xml version="1.0" encoding="UTF-8"?>
<!-- Generated by org.testng.reporters.JUnitReportReporter -->
<testsuite hostname="BEAST-OF-ARITRA14" failures="0" tests="3" name="tests.LoginTest" time="9.983" errors="0" timestamp="2025-09-08T18:32:31 IST" skipped="0">
  <testcase classname="tests.LoginTest" name="verifyLoginUIElements" time="2.323"/>
  <testcase classname="tests.LoginTest" name="loginWithValidPhoneAndPassword" time="4.440"/>
  <testcase classname="tests.LoginTest" name="loginWithValidPhoneAndPassword" time="3.220"/>
</testsuite> <!-- tests.LoginTest -->
