<?xml version="1.0" encoding="UTF-8"?>
<!-- Generated by org.testng.reporters.JUnitReportReporter -->
<testsuite hostname="BEAST-OF-ARITRA14" failures="0" tests="7" name="tests.ProductTest" time="15.458" errors="0" timestamp="2025-09-07T10:59:01 IST" skipped="0">
  <testcase classname="tests.ProductTest" name="searchElectronicItem" time="2.203"/>
  <testcase classname="tests.ProductTest" name="searchElectronicItem" time="0.232"/>
  <testcase classname="tests.ProductTest" name="sortResults" time="0.414"/>
  <testcase classname="tests.ProductTest" name="sortResults" time="0.362"/>
  <testcase classname="tests.ProductTest" name="sortResults" time="0.219"/>
  <testcase classname="tests.ProductTest" name="applyFilters" time="9.756"/>
  <testcase classname="tests.ProductTest" name="selectProduct" time="2.272"/>
</testsuite> <!-- tests.ProductTest -->
