<?xml version="1.0" encoding="UTF-8"?>
<!-- Generated by org.testng.reporters.JUnitReportReporter -->
<testsuite hostname="BEAST-OF-ARITRA14" failures="0" tests="4" name="tests.CartTest" time="14.527" errors="0" timestamp="2025-09-08T18:32:31 IST" skipped="0">
  <testcase classname="tests.CartTest" name="addToCart" time="3.180"/>
  <testcase classname="tests.CartTest" name="modifyQuantityAndVerify" time="4.140"/>
  <testcase classname="tests.CartTest" name="proceedToBuyAndCheckAddressPaymentPage" time="6.612"/>
  <testcase classname="tests.CartTest" name="removeItemAndConfirm" time="0.595"/>
</testsuite> <!-- tests.CartTest -->
