<?xml version="1.0" encoding="UTF-8"?>
<!-- Generated by org.testng.reporters.JUnitReportReporter -->
<testsuite hostname="BEAST-OF-ARITRA14" failures="0" tests="3" name="tests.LoginTest" time="28.387" errors="0" timestamp="2025-09-05T10:10:51 IST" skipped="0">
  <testcase classname="tests.LoginTest" name="verifyLoginUIElements" time="2.549"/>
  <testcase classname="tests.LoginTest" name="loginWithValidPhoneAndPassword" time="3.040"/>
  <testcase classname="tests.LoginTest" name="loginWithValidPhoneAndPassword" time="22.798"/>
</testsuite> <!-- tests.LoginTest -->
